./PubSub_SWG_Charter.err errors


== Document Attributes

(): 'book' is not a legal document type: reverting to 'standard'
(): '' is not a permitted subtype of Standard: reverting to 'implementation'
(): Version required for standard


== AsciiDoc Input

(ID _references): Section not marked up as [bibliography]!
	#<Asciidoctor::Section@504400 {level: 1, title: "9. References", blocks: 0}>


== Style

(): Abstract is missing!
(): Keywords are missing!
(): Submitting Organizations is missing!
(): Submitters is missing!
(): Prefatory material must be followed by (clause) Scope
(): Scope must be followed by Conformance
(): Normative References must be followed by Terms and Definitions


== Metanorma XML Style Warning

(XML Line 000013): Table should have title
	<table id="_61a193b7-4834-3b53-c12f-4cd4bf031725"><tbody><tr><td valign="middle" align="right"/></tr><tr><td valign="middle" align="right"><strong>Open Geospatial Consortium</strong></td>
	</tr><tr><td valign="middle" align="right">Submission Date: 2023-06-08</td>
	</tr><tr><td valign="middle" align="right">Approval Date:   &lt;yyyy-mm-dd&gt;</td>
	</tr><tr><td valign="middle" align="right">Internal reference number of this OGC® document:    10-182r4</td>
	</tr><tr><td valign="middle" align="right">Category: OGC® Standards Working Group Charter</td>
(XML Line 000022): Table should have title
	<table id="_bc09eaca-5938-9f5f-9c6f-1620725a10f1"><tbody><tr><td valign="middle" align="center"><strong>OGC PubSub SWG</strong></td>
	</tr></tbody>
	</table>
(XML Line 000026): Table should have title
	<table id="_a71936af-a82b-5f0e-c573-c72320f00f64"><tbody><tr><td valign="middle" align="center"><strong>Copyright notice</strong></td>
	</tr><tr><td valign="middle" align="center">Copyright © 2023 Open Geospatial Consortium</td>
	</tr><tr><td valign="middle" align="center">To obtain additional rights of use, visit <link target="http://www.opengeospatial.org/legal/"/></td>
	</tr></tbody>
	</table>
(XML Line 000066): Hanging paragraph in clause
	<clause id="_scope_of_work" obligation="normative">
	<title>Scope of work</title>
	<p id="_9a8b60da-d40a-6e62-3789-ab21cc363417">The SWG shall review existing material, e.g. in form of OGC Engineering Reports and Standards (both OGC and external), to produce a version 1.0 implementation standard that clearly defines how to enable publish/subscribe functionality for OGC Web Services in a common way. If applicable, this standard may be a component of the OWS Common suite of standards. The items that need to be addressed by the SWG include:</p>
	
	<ol id="_0d086ab8-98f1-d610-61d2-335a3ea4388a" type="arabic"><li><p id="_8bcc46ad-e653-d60a-9688-ab1e60d1a132">Write a core document that clearly defines the requirements for enabling publish/subscribe functionality.</p>
(XML Line 000234): Table should have title
	<table id="_5eee4910-68b5-0864-9a93-dfffa0f296bb"><tbody><tr><td valign="middle" align="left">Name</td>
	<td valign="middle" align="left">Email</td>
	<td valign="middle" align="left">Organization</td>
	</tr><tr><td valign="middle" align="left">Johannes Echterhoff</td>
	<td valign="middle" align="left"><link target="mailto:johannes.echterhoff@igsi.eu"/></td>


== Metanorma XML Syntax

(XML Line 000009:113): element "ext" incomplete; missing required element "editorialgroup"
(XML Line 000175:104): element "clause" not allowed here; expected the element end-tag or element "submitters"
